{"level":"info","message":"Hola! ","service":"user-service"}
{"level":"info","message":"Hola! ","service":"user-service"}
{"level":"info","message":"Hola! ","service":"app.js"}
{"level":"info","message":"Hola! ","service":"app.js"}
{"level":"info","message":"Hola! ","service":"app.js"}
{"level":"info","message":"Hola! ","service":"app.js"}
{"level":"info","message":"Hola! ","service":"app.js"}
{"level":"error","message":"error Error xd","service":"app.js"}
{"level":"info","message":"Hola! ","service":"app.js"}
{"level":"error","message":"error => Error xd","service":"app.js"}
{"level":"info","message":"Hola! ","service":"app.js"}
{"level":"error","message":"error => Error xd","service":"app.js"}
{"level":"info","message":"Hola! ","service":"app.js","timestamp":"2024-08-13T13:01:51.256Z"}
{"level":"error","message":"error => Error xd","service":"app.js","timestamp":"2024-08-13T13:01:51.259Z"}
{"level":"info","message":"Hola! ","service":"app.js","timestamp":"2024-08-27T17:24:43.404Z"}
{"level":"error","message":"error => Error xd","service":"app.js","timestamp":"2024-08-27T17:24:43.408Z"}
{"level":"info","message":"To Typescript","service":"app.js","timestamp":"2024-08-27T17:25:13.082Z"}
{"level":"error","message":"error => Error To Typescript xd","service":"app.js","timestamp":"2024-08-27T17:25:13.086Z"}
{"level":"info","message":"To Typescript","service":"app.js","timestamp":"2024-08-27T17:25:39.081Z"}
{"level":"error","message":"error => Error To Typescript xd","service":"app.js","timestamp":"2024-08-27T17:25:39.085Z"}
{"level":"info","message":"To Typescript","service":"app.js","timestamp":"2024-08-27T17:25:49.584Z"}
{"level":"error","message":"error => Error To Typescript xd","service":"app.js","timestamp":"2024-08-27T17:25:49.588Z"}
{"level":"info","message":"To Typescript","service":"app.js","timestamp":"2024-08-27T17:26:23.388Z"}
{"level":"error","message":"error => Error To Typescript xd","service":"app.js","timestamp":"2024-08-27T17:26:23.392Z"}
{"level":"info","message":"To Typescript","service":"app.js","timestamp":"2024-08-27T17:26:30.886Z"}
{"level":"error","message":"error => Error To Typescript xd","service":"app.js","timestamp":"2024-08-27T17:26:30.890Z"}
{"level":"info","message":"To Typescript","service":"app.js","timestamp":"2024-08-27T17:31:15.576Z"}
{"level":"error","message":"error => Error To Typescript xd","service":"app.js","timestamp":"2024-08-27T17:31:15.580Z"}
{"level":"info","message":"To Typescript","service":"app.js","timestamp":"2024-08-27T17:31:30.753Z"}
{"level":"error","message":"error => Error To Typescript xd","service":"app.js","timestamp":"2024-08-27T17:31:30.757Z"}
{"level":"info","message":"To Typescript","service":"app.js","timestamp":"2024-08-27T17:31:33.337Z"}
{"level":"error","message":"error => Error To Typescript xd","service":"app.js","timestamp":"2024-08-27T17:31:33.340Z"}
{"level":"info","message":"To Typescript","service":"app.js","timestamp":"2024-08-27T17:31:40.385Z"}
{"level":"error","message":"error => Error To Typescript xd","service":"app.js","timestamp":"2024-08-27T17:31:40.389Z"}
{"level":"info","message":"To Typescript","service":"app.js","timestamp":"2024-08-27T17:31:57.196Z"}
{"level":"error","message":"error => Error To Typescript xd","service":"app.js","timestamp":"2024-08-27T17:31:57.200Z"}
{"level":"info","message":"To Typescript","service":"app.js","timestamp":"2024-08-27T17:32:41.950Z"}
{"level":"error","message":"error => Error To Typescript xd","service":"app.js","timestamp":"2024-08-27T17:32:41.954Z"}
